<?xml version="1.0" encoding="UTF-8"?>
<!-- Generated by org.testng.reporters.JUnitReportReporter -->
<testsuite hostname="inbl01lap5844" failures="0" tests="1" name="Sample.Appium.DragDropDemo" time="5.594" errors="0" timestamp="2023-03-13T10:12:53 IST" skipped="0">
  <testcase classname="Sample.Appium.DragDropDemo" name="DragDropTest" time="5.594"/>
  <system-out/>
</testsuite> <!-- Sample.Appium.DragDropDemo -->
