<?xml version="1.0" encoding="UTF-8"?>
<!-- Generated by org.testng.reporters.JUnitReportReporter -->
<testsuite hostname="inbl01lap5844" failures="0" tests="1" name="Sample.Appium.AppiumBasics" time="7.869" errors="0" timestamp="2023-03-06T17:32:44 IST" skipped="0">
  <testcase classname="Sample.Appium.AppiumBasics" name="WifiSettingsName" time="7.869"/>
  <system-out/>
</testsuite> <!-- Sample.Appium.AppiumBasics -->
