<?xml version="1.0" encoding="UTF-8"?>
<!-- Generated by org.testng.reporters.JUnitReportReporter -->
<testsuite hostname="inbl01lap5844" failures="0" tests="1" name="Sample.Appium.LongPress" time="7.032" errors="0" timestamp="2023-03-13T10:42:08 IST" skipped="0">
  <testcase classname="Sample.Appium.LongPress" name="LongPressGesture" time="7.032"/>
  <system-out/>
</testsuite> <!-- Sample.Appium.LongPress -->
