<?xml version="1.0" encoding="UTF-8"?>
<!-- Generated by org.testng.reporters.JUnitReportReporter -->
<testsuite hostname="inbl01lap5844" failures="0" tests="1" name="Sample.Appium.eCommerce_tc_2" time="54.626" errors="0" timestamp="2023-02-21T13:20:54 IST" skipped="0">
  <testcase classname="Sample.Appium.eCommerce_tc_2" name="FillForm" time="54.626"/>
  <system-out/>
</testsuite> <!-- Sample.Appium.eCommerce_tc_2 -->
