<?xml version="1.0" encoding="UTF-8"?>
<!-- Generated by org.testng.reporters.JUnitReportReporter -->
<testsuite hostname="inbl01lap5844" failures="0" tests="1" name="Sample.Appium.SwipeDemo" time="6.791" errors="0" timestamp="2023-02-16T16:47:52 IST" skipped="0">
  <testcase classname="Sample.Appium.SwipeDemo" name="SwipeDemoTest" time="6.791"/>
  <system-out/>
</testsuite> <!-- Sample.Appium.SwipeDemo -->
