<?xml version="1.0" encoding="UTF-8"?>
<!-- Generated by org.testng.reporters.JUnitReportReporter -->
<testsuite hostname="inbl01lap5844" failures="0" tests="1" name="Sample.Appium.MiscellaneousAppium" time="15.890" errors="0" timestamp="2023-02-17T18:54:07 IST" skipped="0">
  <testcase classname="Sample.Appium.MiscellaneousAppium" name="Miscellaneous" time="15.890"/>
  <system-out/>
</testsuite> <!-- Sample.Appium.MiscellaneousAppium -->
