<?xml version="1.0" encoding="UTF-8"?>
<!-- Generated by org.testng.reporters.JUnitReportReporter -->
<testsuite hostname="inbl01lap5844" failures="0" tests="1" name="Sample.Appium.eCommerce_tc_3" time="57.894" errors="0" timestamp="2023-02-23T10:34:17 IST" skipped="0">
  <testcase classname="Sample.Appium.eCommerce_tc_3" name="FillForm" time="57.894"/>
  <system-out/>
</testsuite> <!-- Sample.Appium.eCommerce_tc_3 -->
