<?xml version="1.0" encoding="UTF-8"?>
<!-- Generated by org.testng.reporters.JUnitReportReporter -->
<testsuite hostname="inbl01lap5844" failures="0" tests="1" name="Sample.Appium.ScrollDemo" time="14.365" errors="0" timestamp="2023-02-16T12:47:52 IST" skipped="0">
  <testcase classname="Sample.Appium.ScrollDemo" name="ScrollDemoTest" time="14.365"/>
  <system-out/>
</testsuite> <!-- Sample.Appium.ScrollDemo -->
