<?xml version="1.0" encoding="UTF-8"?>
<!-- Generated by org.testng.reporters.JUnitReportReporter -->
<testsuite hostname="inbl01lap5844" failures="0" tests="1" name="Sample.Appium.eCommerce_tc_1" time="45.460" errors="0" timestamp="2023-02-20T15:58:31 IST" skipped="0">
  <testcase classname="Sample.Appium.eCommerce_tc_1" name="FillForm" time="45.460"/>
  <system-out/>
</testsuite> <!-- Sample.Appium.eCommerce_tc_1 -->
