<?xml version="1.0" encoding="UTF-8"?>
<!-- Generated by org.testng.reporters.JUnitReportReporter -->
<testsuite hostname="inbl01lap5844" failures="0" tests="1" name="org.charter1.searchContact" time="52.342" errors="0" timestamp="2023-04-19T15:20:20 IST" skipped="0">
  <testcase classname="org.charter1.searchContact" name="contact" time="52.342"/>
  <system-out/>
</testsuite> <!-- org.charter1.searchContact -->
