<?xml version="1.0" encoding="UTF-8"?>
<!-- Generated by org.testng.reporters.JUnitReportReporter -->
<testsuite hostname="inbl01lap5844" failures="0" tests="1" name="org.charter.storeNewContact" time="28.662" errors="0" timestamp="2023-03-24T14:42:17 IST" skipped="0">
  <testcase classname="org.charter.storeNewContact" name="newContact" time="28.662"/>
  <system-out/>
</testsuite> <!-- org.charter.storeNewContact -->
