<?xml version="1.0" encoding="UTF-8"?>
<!-- Generated by org.testng.reporters.JUnitReportReporter -->
<testsuite hostname="inbl01lap5844" failures="0" tests="1" name="org.charter.receivedMms" time="48.840" errors="0" timestamp="2023-03-24T17:17:22 IST" skipped="0">
  <testcase classname="org.charter.receivedMms" name="receivedMessage" time="48.840"/>
  <system-out/>
</testsuite> <!-- org.charter.receivedMms -->
