<?xml version="1.0" encoding="UTF-8"?>
<!-- Generated by org.testng.reporters.JUnitReportReporter -->
<testsuite hostname="inbl01lap5844" failures="0" tests="1" name="org.charter1.deleteContact" time="94.662" errors="0" timestamp="2023-04-13T13:28:07 IST" skipped="0">
  <testcase classname="org.charter1.deleteContact" name="deletecontact" time="94.662"/>
  <system-out/>
</testsuite> <!-- org.charter1.deleteContact -->
