<?xml version="1.0" encoding="UTF-8"?>
<!-- Generated by org.testng.reporters.JUnitReportReporter -->
<testsuite hostname="inbl01lap5844" failures="0" tests="1" name="org.charter1.addPicturePhonebook" time="141.860" errors="0" timestamp="2023-04-13T12:52:10 IST" skipped="0">
  <testcase classname="org.charter1.addPicturePhonebook" name="picture" time="141.860"/>
  <system-out/>
</testsuite> <!-- org.charter1.addPicturePhonebook -->
