<?xml version="1.0" encoding="UTF-8"?>
<!-- Generated by org.testng.reporters.JUnitReportReporter -->
<testsuite hostname="inbl01lap5844" failures="0" tests="1" name="org.charter.receiveMmsWifiCall" time="127.546" errors="0" timestamp="2023-03-31T13:58:44 IST" skipped="0">
  <testcase classname="org.charter.receiveMmsWifiCall" name="wifiCall" time="127.546"/>
  <system-out/>
</testsuite> <!-- org.charter.receiveMmsWifiCall -->
