<?xml version="1.0" encoding="UTF-8"?>
<!-- Generated by org.testng.reporters.JUnitReportReporter -->
<testsuite hostname="inbl01lap5844" failures="0" tests="1" name="org.charter1.organizevideos" time="104.019" errors="0" timestamp="2023-04-13T14:00:16 IST" skipped="0">
  <testcase classname="org.charter1.organizevideos" name="browseVideos" time="104.019"/>
  <system-out/>
</testsuite> <!-- org.charter1.organizevideos -->
