<?xml version="1.0" encoding="UTF-8"?>
<!-- Generated by org.testng.reporters.JUnitReportReporter -->
<testsuite hostname="inbl01lap5657" failures="0" tests="1" name="org.generalstore.TestCase1" time="10.507" errors="0" timestamp="2023-02-03T17:03:28 IST" skipped="0">
  <testcase classname="org.generalstore.TestCase1" name="clickView" time="10.507"/>
  <system-out/>
</testsuite> <!-- org.generalstore.TestCase1 -->
