<?xml version="1.0" encoding="UTF-8"?>
<!-- Generated by org.testng.reporters.JUnitReportReporter -->
<testsuite hostname="inbl01lap5844" failures="0" tests="1" name="org.charter1.sendPhotos" time="100.646" errors="0" timestamp="2023-04-13T14:27:43 IST" skipped="0">
  <testcase classname="org.charter1.sendPhotos" name="sendMessage" time="100.646"/>
  <system-out/>
</testsuite> <!-- org.charter1.sendPhotos -->
