<?xml version="1.0" encoding="UTF-8"?>
<!-- Generated by org.testng.reporters.JUnitReportReporter -->
<testsuite hostname="inbl01lap5657" failures="0" tests="1" name="MobileAutomationAppium.MobileAutomationAppium.appiumBasics" time="13.813" errors="0" timestamp="2023-01-30T16:13:57 IST" skipped="0">
  <testcase classname="MobileAutomationAppium.MobileAutomationAppium.appiumBasics" name="setWifiSettings" time="13.813"/>
  <system-out/>
</testsuite> <!-- MobileAutomationAppium.MobileAutomationAppium.appiumBasics -->
