<?xml version="1.0" encoding="UTF-8"?>
<!-- Generated by org.testng.reporters.JUnitReportReporter -->
<testsuite hostname="inbl01lap5657" failures="0" tests="1" name="org.generalstore.longPress2" time="0.037" errors="0" timestamp="2023-02-03T16:30:45 IST" skipped="0">
  <testcase classname="org.generalstore.longPress2" name="longPressGesture" time="0.037"/>
  <system-out/>
</testsuite> <!-- org.generalstore.longPress2 -->
