<?xml version="1.0" encoding="UTF-8"?>
<!-- Generated by org.testng.reporters.JUnitReportReporter -->
<testsuite hostname="inbl01lap5657" failures="0" tests="1" name="MobileAutomationAppium.MobileAutomationAppium.swipe" time="24.243" errors="0" timestamp="2023-01-22T20:58:25 IST" skipped="0">
  <testcase classname="MobileAutomationAppium.MobileAutomationAppium.swipe" name="swipeAction" time="24.243"/>
  <system-out/>
</testsuite> <!-- MobileAutomationAppium.MobileAutomationAppium.swipe -->
