<?xml version="1.0" encoding="UTF-8"?>
<!-- Generated by org.testng.reporters.JUnitReportReporter -->
<testsuite hostname="inbl01lap5844" failures="0" tests="1" name="org.charter.sendMms1" time="114.506" errors="0" timestamp="2023-03-31T11:49:02 IST" skipped="0">
  <testcase classname="org.charter.sendMms1" name="sendMessage" time="114.506"/>
  <system-out/>
</testsuite> <!-- org.charter.sendMms1 -->
