<?xml version="1.0" encoding="UTF-8"?>
<!-- Generated by org.testng.reporters.JUnitReportReporter -->
<testsuite hostname="inbl01lap5657" failures="0" tests="1" name="MobileAutomationAppium.MobileAutomationAppium.dragAndDrop" time="12.298" errors="0" timestamp="2023-01-23T11:10:32 IST" skipped="0">
  <testcase classname="MobileAutomationAppium.MobileAutomationAppium.dragAndDrop" name="dragAndDropMethod" time="12.298"/>
  <system-out/>
</testsuite> <!-- MobileAutomationAppium.MobileAutomationAppium.dragAndDrop -->
