<?xml version="1.0" encoding="UTF-8"?>
<!-- Generated by org.testng.reporters.JUnitReportReporter -->
<testsuite hostname="inbl01lap5844" failures="0" tests="1" name="org.charter.receivedMms1" time="58.719" errors="0" timestamp="2023-03-31T15:04:56 IST" skipped="0">
  <testcase classname="org.charter.receivedMms1" name="receivedMessage" time="58.719"/>
  <system-out/>
</testsuite> <!-- org.charter.receivedMms1 -->
