<?xml version="1.0" encoding="UTF-8"?>
<!-- Generated by org.testng.reporters.JUnitReportReporter -->
<testsuite hostname="inbl01lap5844" failures="0" tests="1" name="org.charter.sendMmsWifiCall1" time="132.677" errors="0" timestamp="2023-03-29T15:56:41 IST" skipped="0">
  <testcase classname="org.charter.sendMmsWifiCall1" name="wifiCall" time="132.677"/>
  <system-out/>
</testsuite> <!-- org.charter.sendMmsWifiCall1 -->
