<?xml version="1.0" encoding="UTF-8"?>
<!-- Generated by org.testng.reporters.JUnitReportReporter -->
<testsuite hostname="inbl01lap5844" failures="0" tests="1" name="org.charter.mobileWeb" time="67.370" errors="0" timestamp="2023-03-31T19:22:30 IST" skipped="0">
  <testcase classname="org.charter.mobileWeb" name="mobileInternet" time="67.370"/>
  <system-out/>
</testsuite> <!-- org.charter.mobileWeb -->
