<?xml version="1.0" encoding="UTF-8"?>
<!-- Generated by org.testng.reporters.JUnitReportReporter -->
<testsuite hostname="inbl01lap5844" failures="0" tests="1" name="org.charter.msgNotification" time="100.400" errors="0" timestamp="2023-03-31T15:13:37 IST" skipped="0">
  <testcase classname="org.charter.msgNotification" name="msgDelivered" time="100.400"/>
  <system-out/>
</testsuite> <!-- org.charter.msgNotification -->
