<?xml version="1.0" encoding="UTF-8"?>
<!-- Generated by org.testng.reporters.JUnitReportReporter -->
<testsuite hostname="inbl01lap5844" failures="0" tests="1" name="org.charter.mmsWifiCall" time="78.844" errors="0" timestamp="2023-03-23T18:20:40 IST" skipped="0">
  <testcase classname="org.charter.mmsWifiCall" name="wifiCall" time="78.844"/>
  <system-out/>
</testsuite> <!-- org.charter.mmsWifiCall -->
