<?xml version="1.0" encoding="UTF-8"?>
<!-- Generated by org.testng.reporters.JUnitReportReporter -->
<testsuite hostname="inbl01lap5844" failures="0" tests="1" name="org.charter.phonebookAdditionalNumber" time="101.775" errors="0" timestamp="2023-03-31T14:15:16 IST" skipped="0">
  <testcase classname="org.charter.phonebookAdditionalNumber" name="phonebook" time="101.775"/>
  <system-out/>
</testsuite> <!-- org.charter.phonebookAdditionalNumber -->
