<?xml version="1.0" encoding="UTF-8"?>
<!-- Generated by org.testng.reporters.JUnitReportReporter -->
<testsuite hostname="inbl01lap5844" failures="0" tests="1" name="org.charter.addEmailAccount" time="99.754" errors="0" timestamp="2023-03-31T14:08:24 IST" skipped="0">
  <testcase classname="org.charter.addEmailAccount" name="emailAccount" time="99.754"/>
  <system-out/>
</testsuite> <!-- org.charter.addEmailAccount -->
