<?xml version="1.0" encoding="UTF-8"?>
<!-- Generated by org.testng.reporters.JUnitReportReporter -->
<testsuite hostname="inbl01lap5844" failures="0" tests="1" name="org.charter1.sendMms" time="96.678" errors="0" timestamp="2023-03-30T17:36:20 IST" skipped="0">
  <testcase classname="org.charter1.sendMms" name="sendMessage" time="96.678"/>
  <system-out/>
</testsuite> <!-- org.charter1.sendMms -->
