<?xml version="1.0" encoding="UTF-8"?>
<!-- Generated by org.testng.reporters.JUnitReportReporter -->
<testsuite hostname="inbl01lap5844" failures="0" tests="1" name="org.charter.message" time="2.714" errors="0" timestamp="2023-03-15T17:39:25 IST" skipped="0">
  <testcase classname="org.charter.message" name="sendMessage" time="2.714"/>
  <system-out/>
</testsuite> <!-- org.charter.message -->
