<?xml version="1.0" encoding="UTF-8"?>
<!-- Generated by org.testng.reporters.JUnitReportReporter -->
<testsuite hostname="inbl01lap5844" failures="0" tests="1" name="org.charter.OpenMsg" time="7.455" errors="0" timestamp="2023-03-15T18:51:02 IST" skipped="0">
  <testcase classname="org.charter.OpenMsg" name="sendMessage" time="7.455"/>
  <system-out/>
</testsuite> <!-- org.charter.OpenMsg -->
