<?xml version="1.0" encoding="UTF-8"?>
<!-- Generated by org.testng.reporters.JUnitReportReporter -->
<testsuite hostname="inbl01lap5844" failures="0" tests="1" name="org.charter.sendMmsWifiCall" time="82.926" errors="0" timestamp="2023-03-24T10:48:38 IST" skipped="0">
  <testcase classname="org.charter.sendMmsWifiCall" name="wifiCall" time="82.926"/>
  <system-out/>
</testsuite> <!-- org.charter.sendMmsWifiCall -->
